[0.429s] Invoking command in '/home/yago/ros2_ws/pubsub': PYTHONPATH=/home/yago/ros2_ws/build/pubsub/prefix_override:/usr/lib/python3/dist-packages/colcon_core/task/python/colcon_distutils_commands:/home/yago/ros2_ws/install/pubsub/lib/python3.10/site-packages:${PYTHONPATH} /usr/bin/python3 -W ignore:setup.py install is deprecated -W ignore:easy_install command is deprecated setup.py egg_info --egg-base ../build/pubsub build --build-base /home/yago/ros2_ws/build/pubsub/build install --record /home/yago/ros2_ws/build/pubsub/install.log --single-version-externally-managed install_data
[0.585s] running egg_info
[0.585s] creating ../build/pubsub/pubsub.egg-info
[0.585s] writing ../build/pubsub/pubsub.egg-info/PKG-INFO
[0.585s] writing dependency_links to ../build/pubsub/pubsub.egg-info/dependency_links.txt
[0.585s] writing entry points to ../build/pubsub/pubsub.egg-info/entry_points.txt
[0.585s] writing requirements to ../build/pubsub/pubsub.egg-info/requires.txt
[0.585s] writing top-level names to ../build/pubsub/pubsub.egg-info/top_level.txt
[0.586s] writing manifest file '../build/pubsub/pubsub.egg-info/SOURCES.txt'
[0.586s] reading manifest file '../build/pubsub/pubsub.egg-info/SOURCES.txt'
[0.587s] writing manifest file '../build/pubsub/pubsub.egg-info/SOURCES.txt'
[0.587s] running build
[0.587s] running build_py
[0.587s] creating /home/yago/ros2_ws/build/pubsub/build
[0.587s] creating /home/yago/ros2_ws/build/pubsub/build/lib
[0.587s] creating /home/yago/ros2_ws/build/pubsub/build/lib/pubsub
[0.587s] copying pubsub/subscriber.py -> /home/yago/ros2_ws/build/pubsub/build/lib/pubsub
[0.587s] copying pubsub/publisher.py -> /home/yago/ros2_ws/build/pubsub/build/lib/pubsub
[0.587s] copying pubsub/__init__.py -> /home/yago/ros2_ws/build/pubsub/build/lib/pubsub
[0.587s] running install
[0.587s] running install_lib
[0.588s] creating /home/yago/ros2_ws/install/pubsub/lib/python3.10/site-packages/pubsub
[0.588s] copying /home/yago/ros2_ws/build/pubsub/build/lib/pubsub/subscriber.py -> /home/yago/ros2_ws/install/pubsub/lib/python3.10/site-packages/pubsub
[0.588s] copying /home/yago/ros2_ws/build/pubsub/build/lib/pubsub/publisher.py -> /home/yago/ros2_ws/install/pubsub/lib/python3.10/site-packages/pubsub
[0.588s] copying /home/yago/ros2_ws/build/pubsub/build/lib/pubsub/__init__.py -> /home/yago/ros2_ws/install/pubsub/lib/python3.10/site-packages/pubsub
[0.588s] byte-compiling /home/yago/ros2_ws/install/pubsub/lib/python3.10/site-packages/pubsub/subscriber.py to subscriber.cpython-310.pyc
[0.588s] byte-compiling /home/yago/ros2_ws/install/pubsub/lib/python3.10/site-packages/pubsub/publisher.py to publisher.cpython-310.pyc
[0.589s] byte-compiling /home/yago/ros2_ws/install/pubsub/lib/python3.10/site-packages/pubsub/__init__.py to __init__.cpython-310.pyc
[0.589s] running install_data
[0.589s] creating /home/yago/ros2_ws/install/pubsub/share/ament_index
[0.589s] creating /home/yago/ros2_ws/install/pubsub/share/ament_index/resource_index
[0.589s] creating /home/yago/ros2_ws/install/pubsub/share/ament_index/resource_index/packages
[0.589s] copying resource/pubsub -> /home/yago/ros2_ws/install/pubsub/share/ament_index/resource_index/packages
[0.589s] copying package.xml -> /home/yago/ros2_ws/install/pubsub/share/pubsub
[0.589s] running install_egg_info
[0.590s] Copying ../build/pubsub/pubsub.egg-info to /home/yago/ros2_ws/install/pubsub/lib/python3.10/site-packages/pubsub-0.0.0-py3.10.egg-info
[0.590s] running install_scripts
[0.604s] Installing publisher script to /home/yago/ros2_ws/install/pubsub/lib/pubsub
[0.604s] Installing subscriber script to /home/yago/ros2_ws/install/pubsub/lib/pubsub
[0.604s] writing list of installed files to '/home/yago/ros2_ws/build/pubsub/install.log'
[0.619s] Invoked command in '/home/yago/ros2_ws/pubsub' returned '0': PYTHONPATH=/home/yago/ros2_ws/build/pubsub/prefix_override:/usr/lib/python3/dist-packages/colcon_core/task/python/colcon_distutils_commands:/home/yago/ros2_ws/install/pubsub/lib/python3.10/site-packages:${PYTHONPATH} /usr/bin/python3 -W ignore:setup.py install is deprecated -W ignore:easy_install command is deprecated setup.py egg_info --egg-base ../build/pubsub build --build-base /home/yago/ros2_ws/build/pubsub/build install --record /home/yago/ros2_ws/build/pubsub/install.log --single-version-externally-managed install_data
