[0.492s] Invoking command in '/home/yago/ros2_ws/pubsub': PYTHONPATH=/home/yago/ros2_ws/build/pubsub/prefix_override:/usr/lib/python3/dist-packages/colcon_core/task/python/colcon_distutils_commands:/home/yago/ros2_ws/install/pubsub/lib/python3.10/site-packages:${PYTHONPATH} /usr/bin/python3 -W ignore:setup.py install is deprecated -W ignore:easy_install command is deprecated setup.py egg_info --egg-base ../build/pubsub build --build-base /home/yago/ros2_ws/build/pubsub/build install --record /home/yago/ros2_ws/build/pubsub/install.log --single-version-externally-managed install_data
[0.617s] running egg_info
[0.618s] writing ../build/pubsub/pubsub.egg-info/PKG-INFO
[0.618s] writing dependency_links to ../build/pubsub/pubsub.egg-info/dependency_links.txt
[0.618s] writing entry points to ../build/pubsub/pubsub.egg-info/entry_points.txt
[0.618s] writing requirements to ../build/pubsub/pubsub.egg-info/requires.txt
[0.618s] writing top-level names to ../build/pubsub/pubsub.egg-info/top_level.txt
[0.619s] reading manifest file '../build/pubsub/pubsub.egg-info/SOURCES.txt'
[0.622s] writing manifest file '../build/pubsub/pubsub.egg-info/SOURCES.txt'
[0.622s] running build
[0.622s] running build_py
[0.622s] running install
[0.622s] running install_lib
[0.623s] running install_data
[0.623s] running install_egg_info
[0.624s] removing '/home/yago/ros2_ws/install/pubsub/lib/python3.10/site-packages/pubsub-0.0.0-py3.10.egg-info' (and everything under it)
[0.624s] Copying ../build/pubsub/pubsub.egg-info to /home/yago/ros2_ws/install/pubsub/lib/python3.10/site-packages/pubsub-0.0.0-py3.10.egg-info
[0.624s] running install_scripts
[0.636s] Installing publisher script to /home/yago/ros2_ws/install/pubsub/lib/pubsub
[0.636s] Installing subscriber script to /home/yago/ros2_ws/install/pubsub/lib/pubsub
[0.636s] writing list of installed files to '/home/yago/ros2_ws/build/pubsub/install.log'
[0.703s] Invoked command in '/home/yago/ros2_ws/pubsub' returned '0': PYTHONPATH=/home/yago/ros2_ws/build/pubsub/prefix_override:/usr/lib/python3/dist-packages/colcon_core/task/python/colcon_distutils_commands:/home/yago/ros2_ws/install/pubsub/lib/python3.10/site-packages:${PYTHONPATH} /usr/bin/python3 -W ignore:setup.py install is deprecated -W ignore:easy_install command is deprecated setup.py egg_info --egg-base ../build/pubsub build --build-base /home/yago/ros2_ws/build/pubsub/build install --record /home/yago/ros2_ws/build/pubsub/install.log --single-version-externally-managed install_data
