running egg_info
creating ../build/velocity_control/velocity_control.egg-info
writing ../build/velocity_control/velocity_control.egg-info/PKG-INFO
writing dependency_links to ../build/velocity_control/velocity_control.egg-info/dependency_links.txt
writing entry points to ../build/velocity_control/velocity_control.egg-info/entry_points.txt
writing requirements to ../build/velocity_control/velocity_control.egg-info/requires.txt
writing top-level names to ../build/velocity_control/velocity_control.egg-info/top_level.txt
writing manifest file '../build/velocity_control/velocity_control.egg-info/SOURCES.txt'
reading manifest file '../build/velocity_control/velocity_control.egg-info/SOURCES.txt'
writing manifest file '../build/velocity_control/velocity_control.egg-info/SOURCES.txt'
running build
running build_py
creating /home/yago/ros2_ws/build/velocity_control/build
creating /home/yago/ros2_ws/build/velocity_control/build/lib
creating /home/yago/ros2_ws/build/velocity_control/build/lib/velocity_control
copying velocity_control/__init__.py -> /home/yago/ros2_ws/build/velocity_control/build/lib/velocity_control
copying velocity_control/subscriber_node.py -> /home/yago/ros2_ws/build/velocity_control/build/lib/velocity_control
copying velocity_control/publisher_node.py -> /home/yago/ros2_ws/build/velocity_control/build/lib/velocity_control
running install
running install_lib
creating /home/yago/ros2_ws/install/velocity_control/lib/python3.10/site-packages/velocity_control
copying /home/yago/ros2_ws/build/velocity_control/build/lib/velocity_control/__init__.py -> /home/yago/ros2_ws/install/velocity_control/lib/python3.10/site-packages/velocity_control
copying /home/yago/ros2_ws/build/velocity_control/build/lib/velocity_control/subscriber_node.py -> /home/yago/ros2_ws/install/velocity_control/lib/python3.10/site-packages/velocity_control
copying /home/yago/ros2_ws/build/velocity_control/build/lib/velocity_control/publisher_node.py -> /home/yago/ros2_ws/install/velocity_control/lib/python3.10/site-packages/velocity_control
byte-compiling /home/yago/ros2_ws/install/velocity_control/lib/python3.10/site-packages/velocity_control/__init__.py to __init__.cpython-310.pyc
byte-compiling /home/yago/ros2_ws/install/velocity_control/lib/python3.10/site-packages/velocity_control/subscriber_node.py to subscriber_node.cpython-310.pyc
byte-compiling /home/yago/ros2_ws/install/velocity_control/lib/python3.10/site-packages/velocity_control/publisher_node.py to publisher_node.cpython-310.pyc
running install_egg_info
Copying ../build/velocity_control/velocity_control.egg-info to /home/yago/ros2_ws/install/velocity_control/lib/python3.10/site-packages/velocity_control-0.1.0-py3.10.egg-info
running install_scripts
Installing publisher_node script to /home/yago/ros2_ws/install/velocity_control/bin
Installing subscriber_node script to /home/yago/ros2_ws/install/velocity_control/bin
writing list of installed files to '/home/yago/ros2_ws/build/velocity_control/install.log'
