[0.490s] Invoking command in '/home/yago/ros2_ws/velocity_control': PYTHONPATH=/home/yago/ros2_ws/build/velocity_control/prefix_override:/usr/lib/python3/dist-packages/colcon_core/task/python/colcon_distutils_commands:/home/yago/ros2_ws/install/velocity_control/lib/python3.10/site-packages:${PYTHONPATH} /usr/bin/python3 -W ignore:setup.py install is deprecated -W ignore:easy_install command is deprecated setup.py egg_info --egg-base ../build/velocity_control build --build-base /home/yago/ros2_ws/build/velocity_control/build install --record /home/yago/ros2_ws/build/velocity_control/install.log --single-version-externally-managed
[0.611s] running egg_info
[0.611s] creating ../build/velocity_control/velocity_control.egg-info
[0.611s] writing ../build/velocity_control/velocity_control.egg-info/PKG-INFO
[0.611s] writing dependency_links to ../build/velocity_control/velocity_control.egg-info/dependency_links.txt
[0.611s] writing entry points to ../build/velocity_control/velocity_control.egg-info/entry_points.txt
[0.611s] writing requirements to ../build/velocity_control/velocity_control.egg-info/requires.txt
[0.611s] writing top-level names to ../build/velocity_control/velocity_control.egg-info/top_level.txt
[0.611s] writing manifest file '../build/velocity_control/velocity_control.egg-info/SOURCES.txt'
[0.612s] reading manifest file '../build/velocity_control/velocity_control.egg-info/SOURCES.txt'
[0.612s] writing manifest file '../build/velocity_control/velocity_control.egg-info/SOURCES.txt'
[0.613s] running build
[0.613s] running build_py
[0.613s] creating /home/yago/ros2_ws/build/velocity_control/build
[0.613s] creating /home/yago/ros2_ws/build/velocity_control/build/lib
[0.613s] creating /home/yago/ros2_ws/build/velocity_control/build/lib/velocity_control
[0.613s] copying velocity_control/__init__.py -> /home/yago/ros2_ws/build/velocity_control/build/lib/velocity_control
[0.613s] copying velocity_control/subscriber_node.py -> /home/yago/ros2_ws/build/velocity_control/build/lib/velocity_control
[0.613s] copying velocity_control/publisher_node.py -> /home/yago/ros2_ws/build/velocity_control/build/lib/velocity_control
[0.613s] running install
[0.613s] running install_lib
[0.613s] creating /home/yago/ros2_ws/install/velocity_control/lib/python3.10/site-packages/velocity_control
[0.613s] copying /home/yago/ros2_ws/build/velocity_control/build/lib/velocity_control/__init__.py -> /home/yago/ros2_ws/install/velocity_control/lib/python3.10/site-packages/velocity_control
[0.613s] copying /home/yago/ros2_ws/build/velocity_control/build/lib/velocity_control/subscriber_node.py -> /home/yago/ros2_ws/install/velocity_control/lib/python3.10/site-packages/velocity_control
[0.613s] copying /home/yago/ros2_ws/build/velocity_control/build/lib/velocity_control/publisher_node.py -> /home/yago/ros2_ws/install/velocity_control/lib/python3.10/site-packages/velocity_control
[0.614s] byte-compiling /home/yago/ros2_ws/install/velocity_control/lib/python3.10/site-packages/velocity_control/__init__.py to __init__.cpython-310.pyc
[0.614s] byte-compiling /home/yago/ros2_ws/install/velocity_control/lib/python3.10/site-packages/velocity_control/subscriber_node.py to subscriber_node.cpython-310.pyc
[0.614s] byte-compiling /home/yago/ros2_ws/install/velocity_control/lib/python3.10/site-packages/velocity_control/publisher_node.py to publisher_node.cpython-310.pyc
[0.614s] running install_egg_info
[0.615s] Copying ../build/velocity_control/velocity_control.egg-info to /home/yago/ros2_ws/install/velocity_control/lib/python3.10/site-packages/velocity_control-0.1.0-py3.10.egg-info
[0.615s] running install_scripts
[0.627s] Installing publisher_node script to /home/yago/ros2_ws/install/velocity_control/bin
[0.627s] Installing subscriber_node script to /home/yago/ros2_ws/install/velocity_control/bin
[0.627s] writing list of installed files to '/home/yago/ros2_ws/build/velocity_control/install.log'
[0.641s] Invoked command in '/home/yago/ros2_ws/velocity_control' returned '0': PYTHONPATH=/home/yago/ros2_ws/build/velocity_control/prefix_override:/usr/lib/python3/dist-packages/colcon_core/task/python/colcon_distutils_commands:/home/yago/ros2_ws/install/velocity_control/lib/python3.10/site-packages:${PYTHONPATH} /usr/bin/python3 -W ignore:setup.py install is deprecated -W ignore:easy_install command is deprecated setup.py egg_info --egg-base ../build/velocity_control build --build-base /home/yago/ros2_ws/build/velocity_control/build install --record /home/yago/ros2_ws/build/velocity_control/install.log --single-version-externally-managed
